

*******************************************************************************
Tue Jun 18 00:05:35 2024


FIT:    data read from 'output/timingoutput.txt'
        format = z
        #datapoints = 100
        residuals are weighted equally (unit weight)

function used for fitting: f(x)
	f(x) = a * x**3
fitted parameters initialized with current variable values

iter      chisq       delta/lim  lambda   a             b            
   0 1.3790713200e+13   0.00e+00  2.63e+05    1.000000e+00   1.000000e+00
BREAK: Singular matrix in Invert_RtR

*******************************************************************************
Tue Jun 18 00:06:03 2024


FIT:    data read from 'output/timingoutput.txt'
        format = z
        #datapoints = 100
        residuals are weighted equally (unit weight)

function used for fitting: f(x)
	f(x) = a * x**3
fitted parameters initialized with current variable values

iter      chisq       delta/lim  lambda   a            
   0 1.3790713200e+13   0.00e+00  3.71e+05    1.000000e+00
   4 1.8350591304e-05  -7.37e-02  3.71e+01    3.332185e-08

After 4 iterations the fit converged.
final sum of squares of residuals : 1.83506e-05
rel. change during last iteration : -7.36557e-07

degrees of freedom    (FIT_NDF)                        : 99
rms of residuals      (FIT_STDFIT) = sqrt(WSSR/ndf)    : 0.000430534
variance of residuals (reduced chisquare) = WSSR/ndf   : 1.8536e-07

Final set of parameters            Asymptotic Standard Error
=======================            ==========================
a               = 3.33218e-08      +/- 1.159e-10    (0.3479%)


*******************************************************************************
Tue Jun 18 00:07:05 2024


FIT:    data read from 'output/timingoutput.txt'
        format = z
        #datapoints = 100
        residuals are weighted equally (unit weight)

function used for fitting: f(x)
	f(x) = a * x**3
fitted parameters initialized with current variable values

iter      chisq       delta/lim  lambda   a            
   0 1.3790713200e+13   0.00e+00  3.71e+05    1.000000e+00
   4 1.8350591304e-05  -7.37e-02  3.71e+01    3.332185e-08

After 4 iterations the fit converged.
final sum of squares of residuals : 1.83506e-05
rel. change during last iteration : -7.36557e-07

degrees of freedom    (FIT_NDF)                        : 99
rms of residuals      (FIT_STDFIT) = sqrt(WSSR/ndf)    : 0.000430534
variance of residuals (reduced chisquare) = WSSR/ndf   : 1.8536e-07

Final set of parameters            Asymptotic Standard Error
=======================            ==========================
a               = 3.33218e-08      +/- 1.159e-10    (0.3479%)


*******************************************************************************
Tue Jun 18 00:07:26 2024


FIT:    data read from 'output/timingoutput.txt'
        format = z
        #datapoints = 100
        residuals are weighted equally (unit weight)

function used for fitting: f(x)
	f(x) = a * x**3
fitted parameters initialized with current variable values

iter      chisq       delta/lim  lambda   a            
   0 1.3790713200e+13   0.00e+00  3.71e+05    1.000000e+00
   4 1.8350591304e-05  -7.37e-02  3.71e+01    3.332185e-08

After 4 iterations the fit converged.
final sum of squares of residuals : 1.83506e-05
rel. change during last iteration : -7.36557e-07

degrees of freedom    (FIT_NDF)                        : 99
rms of residuals      (FIT_STDFIT) = sqrt(WSSR/ndf)    : 0.000430534
variance of residuals (reduced chisquare) = WSSR/ndf   : 1.8536e-07

Final set of parameters            Asymptotic Standard Error
=======================            ==========================
a               = 3.33218e-08      +/- 1.159e-10    (0.3479%)


*******************************************************************************
Tue Jun 18 00:08:48 2024


FIT:    data read from 'output/timingoutput.txt'
        format = z
        #datapoints = 100
        residuals are weighted equally (unit weight)

function used for fitting: f(x)
	f(x) = a * x**3
fitted parameters initialized with current variable values

iter      chisq       delta/lim  lambda   a            
   0 1.3790713200e+13   0.00e+00  3.71e+05    1.000000e+00
   4 1.8350591304e-05  -7.37e-02  3.71e+01    3.332185e-08

After 4 iterations the fit converged.
final sum of squares of residuals : 1.83506e-05
rel. change during last iteration : -7.36557e-07

degrees of freedom    (FIT_NDF)                        : 99
rms of residuals      (FIT_STDFIT) = sqrt(WSSR/ndf)    : 0.000430534
variance of residuals (reduced chisquare) = WSSR/ndf   : 1.8536e-07

Final set of parameters            Asymptotic Standard Error
=======================            ==========================
a               = 3.33218e-08      +/- 1.159e-10    (0.3479%)


*******************************************************************************
Tue Jun 18 00:09:40 2024


FIT:    data read from 'output/timingoutput.txt'
        format = z
        #datapoints = 100
        residuals are weighted equally (unit weight)

function used for fitting: f(x)
	f(x) = a * x**3
fitted parameters initialized with current variable values

iter      chisq       delta/lim  lambda   a            
   0 1.3790713200e+13   0.00e+00  3.71e+05    1.000000e+00
   4 1.8350591304e-05  -7.37e-02  3.71e+01    3.332185e-08

After 4 iterations the fit converged.
final sum of squares of residuals : 1.83506e-05
rel. change during last iteration : -7.36557e-07

degrees of freedom    (FIT_NDF)                        : 99
rms of residuals      (FIT_STDFIT) = sqrt(WSSR/ndf)    : 0.000430534
variance of residuals (reduced chisquare) = WSSR/ndf   : 1.8536e-07

Final set of parameters            Asymptotic Standard Error
=======================            ==========================
a               = 3.33218e-08      +/- 1.159e-10    (0.3479%)


*******************************************************************************
Tue Jun 18 00:10:21 2024


FIT:    data read from 'output/timingoutput.txt'
        format = z
        #datapoints = 100
        residuals are weighted equally (unit weight)

function used for fitting: f(x)
	f(x) = a * x**3
fitted parameters initialized with current variable values

iter      chisq       delta/lim  lambda   a            
   0 1.3790713200e+13   0.00e+00  3.71e+05    1.000000e+00
   4 1.8350591304e-05  -7.37e-02  3.71e+01    3.332185e-08

After 4 iterations the fit converged.
final sum of squares of residuals : 1.83506e-05
rel. change during last iteration : -7.36557e-07

degrees of freedom    (FIT_NDF)                        : 99
rms of residuals      (FIT_STDFIT) = sqrt(WSSR/ndf)    : 0.000430534
variance of residuals (reduced chisquare) = WSSR/ndf   : 1.8536e-07

Final set of parameters            Asymptotic Standard Error
=======================            ==========================
a               = 3.33218e-08      +/- 1.159e-10    (0.3479%)


*******************************************************************************
Tue Jun 18 00:10:35 2024


FIT:    data read from 'output/timingoutput.txt'
        format = z
        #datapoints = 100
        residuals are weighted equally (unit weight)

function used for fitting: f(x)
	f(x) = a * x**3
fitted parameters initialized with current variable values

iter      chisq       delta/lim  lambda   a            
   0 1.3790713200e+13   0.00e+00  3.71e+05    1.000000e+00
   4 1.8350591304e-05  -7.37e-02  3.71e+01    3.332185e-08

After 4 iterations the fit converged.
final sum of squares of residuals : 1.83506e-05
rel. change during last iteration : -7.36557e-07

degrees of freedom    (FIT_NDF)                        : 99
rms of residuals      (FIT_STDFIT) = sqrt(WSSR/ndf)    : 0.000430534
variance of residuals (reduced chisquare) = WSSR/ndf   : 1.8536e-07

Final set of parameters            Asymptotic Standard Error
=======================            ==========================
a               = 3.33218e-08      +/- 1.159e-10    (0.3479%)


*******************************************************************************
Tue Jun 18 00:11:00 2024


FIT:    data read from 'output/timingoutput.txt'
        format = z
        #datapoints = 100
        residuals are weighted equally (unit weight)

function used for fitting: f(x)
	f(x) = a * x**3
fitted parameters initialized with current variable values

   4 1.8350591304e-05  -7.37e-02  3.71e+01    3.332185e-08

After 4 iterations the fit converged.
final sum of squares of residuals : 1.83506e-05
rel. change during last iteration : -7.36557e-07

degrees of freedom    (FIT_NDF)                        : 99
rms of residuals      (FIT_STDFIT) = sqrt(WSSR/ndf)    : 0.000430534
variance of residuals (reduced chisquare) = WSSR/ndf   : 1.8536e-07

Final set of parameters            Asymptotic Standard Error
=======================            ==========================
a               = 3.33218e-08      +/- 1.159e-10    (0.3479%)


*******************************************************************************
Tue Jun 18 00:15:10 2024


FIT:    data read from 'output/timingoutput.txt'
        format = z
        #datapoints = 100
        residuals are weighted equally (unit weight)

function used for fitting: f(x)
	f(x) = a * x**3
fitted parameters initialized with current variable values

   4 1.8350591304e-05  -7.37e-02  3.71e+01    3.332185e-08

After 4 iterations the fit converged.
final sum of squares of residuals : 1.83506e-05
rel. change during last iteration : -7.36557e-07

degrees of freedom    (FIT_NDF)                        : 99
rms of residuals      (FIT_STDFIT) = sqrt(WSSR/ndf)    : 0.000430534
variance of residuals (reduced chisquare) = WSSR/ndf   : 1.8536e-07

Final set of parameters            Asymptotic Standard Error
=======================            ==========================
a               = 3.33218e-08      +/- 1.159e-10    (0.3479%)


*******************************************************************************
Tue Jun 18 00:16:32 2024


FIT:    data read from 'output/timingoutput.txt'
        format = z
        #datapoints = 100
        residuals are weighted equally (unit weight)

function used for fitting: f(x)
	f(x) = a * x**3
fitted parameters initialized with current variable values

   4 1.8350591304e-05  -7.37e-02  3.71e+01    3.332185e-08

After 4 iterations the fit converged.
final sum of squares of residuals : 1.83506e-05
rel. change during last iteration : -7.36557e-07

degrees of freedom    (FIT_NDF)                        : 99
rms of residuals      (FIT_STDFIT) = sqrt(WSSR/ndf)    : 0.000430534
variance of residuals (reduced chisquare) = WSSR/ndf   : 1.8536e-07

Final set of parameters            Asymptotic Standard Error
=======================            ==========================
a               = 3.33218e-08      +/- 1.159e-10    (0.3479%)


*******************************************************************************
Tue Jun 18 00:17:38 2024


FIT:    data read from 'output/timingoutput.txt'
        format = z
        #datapoints = 100
        residuals are weighted equally (unit weight)

function used for fitting: f(x)
	f(x) = a * x**3
fitted parameters initialized with current variable values

   4 1.8350591304e-05  -7.37e-02  3.71e+01    3.332185e-08

After 4 iterations the fit converged.
final sum of squares of residuals : 1.83506e-05
rel. change during last iteration : -7.36557e-07

degrees of freedom    (FIT_NDF)                        : 99
rms of residuals      (FIT_STDFIT) = sqrt(WSSR/ndf)    : 0.000430534
variance of residuals (reduced chisquare) = WSSR/ndf   : 1.8536e-07

Final set of parameters            Asymptotic Standard Error
=======================            ==========================
a               = 3.33218e-08      +/- 1.159e-10    (0.3479%)


*******************************************************************************
Tue Jun 18 00:18:31 2024


FIT:    data read from 'output/timingoutput.txt'
        format = z
        #datapoints = 100
        residuals are weighted equally (unit weight)

function used for fitting: f(x)
	f(x) = a * x**3
fitted parameters initialized with current variable values

   4 1.1976046137e-04  -1.13e-02  3.71e+01    3.479941e-08

After 4 iterations the fit converged.
final sum of squares of residuals : 0.00011976
rel. change during last iteration : -1.12861e-07

degrees of freedom    (FIT_NDF)                        : 99
rms of residuals      (FIT_STDFIT) = sqrt(WSSR/ndf)    : 0.00109986
variance of residuals (reduced chisquare) = WSSR/ndf   : 1.2097e-06

Final set of parameters            Asymptotic Standard Error
=======================            ==========================
a               = 3.47994e-08      +/- 2.962e-10    (0.8511%)


*******************************************************************************
Tue Jun 18 00:20:57 2024


FIT:    data read from 'output/timingoutput.txt'
        format = z
        #datapoints = 100
        residuals are weighted equally (unit weight)

function used for fitting: f(x)
	f(x) = a * x**3
fitted parameters initialized with current variable values

   4 1.1976046137e-04  -1.13e-02  3.71e+01    3.479941e-08

After 4 iterations the fit converged.
final sum of squares of residuals : 0.00011976
rel. change during last iteration : -1.12861e-07

degrees of freedom    (FIT_NDF)                        : 99
rms of residuals      (FIT_STDFIT) = sqrt(WSSR/ndf)    : 0.00109986
variance of residuals (reduced chisquare) = WSSR/ndf   : 1.2097e-06

Final set of parameters            Asymptotic Standard Error
=======================            ==========================
a               = 3.47994e-08      +/- 2.962e-10    (0.8511%)


*******************************************************************************
Tue Jun 18 00:21:18 2024


FIT:    data read from 'output/timingoutput.txt'
        format = z
        #datapoints = 100
        residuals are weighted equally (unit weight)

function used for fitting: f(x)
	f(x) = a * x**3
fitted parameters initialized with current variable values

   4 1.1976046137e-04  -1.13e-02  3.71e+01    3.479941e-08

After 4 iterations the fit converged.
final sum of squares of residuals : 0.00011976
rel. change during last iteration : -1.12861e-07

degrees of freedom    (FIT_NDF)                        : 99
rms of residuals      (FIT_STDFIT) = sqrt(WSSR/ndf)    : 0.00109986
variance of residuals (reduced chisquare) = WSSR/ndf   : 1.2097e-06

Final set of parameters            Asymptotic Standard Error
=======================            ==========================
a               = 3.47994e-08      +/- 2.962e-10    (0.8511%)


*******************************************************************************
Tue Jun 18 00:21:52 2024


FIT:    data read from 'output/timingoutput.txt'
        format = z
        #datapoints = 100
        residuals are weighted equally (unit weight)

function used for fitting: f(x)
	f(x) = a * x**3
fitted parameters initialized with current variable values

   4 4.4319064078e-05  -3.05e-02  3.71e+01    3.402742e-08

After 4 iterations the fit converged.
final sum of squares of residuals : 4.43191e-05
rel. change during last iteration : -3.04976e-07

degrees of freedom    (FIT_NDF)                        : 99
rms of residuals      (FIT_STDFIT) = sqrt(WSSR/ndf)    : 0.000669079
variance of residuals (reduced chisquare) = WSSR/ndf   : 4.47667e-07

Final set of parameters            Asymptotic Standard Error
=======================            ==========================
a               = 3.40274e-08      +/- 1.802e-10    (0.5295%)


*******************************************************************************
Tue Jun 18 00:23:58 2024


FIT:    data read from 'output/timingoutput.txt'
        format = z
        #datapoints = 100
        residuals are weighted equally (unit weight)

function used for fitting: f(x)
	f(x) = a * x**3
fitted parameters initialized with current variable values

   4 4.4319064078e-05  -3.05e-02  3.71e+01    3.402742e-08

After 4 iterations the fit converged.
final sum of squares of residuals : 4.43191e-05
rel. change during last iteration : -3.04976e-07

degrees of freedom    (FIT_NDF)                        : 99
rms of residuals      (FIT_STDFIT) = sqrt(WSSR/ndf)    : 0.000669079
variance of residuals (reduced chisquare) = WSSR/ndf   : 4.47667e-07

Final set of parameters            Asymptotic Standard Error
=======================            ==========================
a               = 3.40274e-08      +/- 1.802e-10    (0.5295%)


*******************************************************************************
Tue Jun 18 00:24:24 2024


FIT:    data read from 'output/timingoutput.txt'
        format = z
        #datapoints = 100
        residuals are weighted equally (unit weight)

function used for fitting: f(x)
	f(x) = a * x**3
fitted parameters initialized with current variable values

   4 4.4319064078e-05  -3.05e-02  3.71e+01    3.402742e-08

After 4 iterations the fit converged.
final sum of squares of residuals : 4.43191e-05
rel. change during last iteration : -3.04976e-07

degrees of freedom    (FIT_NDF)                        : 99
rms of residuals      (FIT_STDFIT) = sqrt(WSSR/ndf)    : 0.000669079
variance of residuals (reduced chisquare) = WSSR/ndf   : 4.47667e-07

Final set of parameters            Asymptotic Standard Error
=======================            ==========================
a               = 3.40274e-08      +/- 1.802e-10    (0.5295%)
